-------------------------------------------------------------------------------
Test set: com.epam.kzta2014.GitHubAutomationTest
-------------------------------------------------------------------------------
Tests run: 2, Failures: 2, Errors: 0, Skipped: 0, Time elapsed: 36.567 sec <<< FAILURE! - in com.epam.kzta2014.GitHubAutomationTest
oneCanCreateProject(com.epam.kzta2014.GitHubAutomationTest)  Time elapsed: 10.119 sec  <<< FAILURE!
org.openqa.selenium.TimeoutException: Timed out waiting for page load.
Command duration or timeout: 10.02 seconds
Build info: version: '2.47.1', revision: 'unknown', time: '2015-07-30 11:02:44'
System info: host: 'BSU', ip: '169.254.66.132', os.name: 'Windows 8.1', os.arch: 'amd64', os.version: '6.3', java.version: '1.8.0_45'
Driver info: org.openqa.selenium.firefox.FirefoxDriver
Capabilities [{applicationCacheEnabled=true, rotatable=false, handlesAlerts=true, databaseEnabled=true, version=40.0.3, platform=WINDOWS, nativeEvents=false, acceptSslCerts=true, webStorageEnabled=true, locationContextEnabled=true, browserName=firefox, takesScreenshot=true, javascriptEnabled=true, cssSelectorsEnabled=true}]
Session ID: 83c8211e-6bf5-4e56-a4e6-6f19191ae222
	at sun.reflect.NativeConstructorAccessorImpl.newInstance0(Native Method)
	at sun.reflect.NativeConstructorAccessorImpl.newInstance(NativeConstructorAccessorImpl.java:62)
	at sun.reflect.DelegatingConstructorAccessorImpl.newInstance(DelegatingConstructorAccessorImpl.java:45)
	at java.lang.reflect.Constructor.newInstance(Constructor.java:422)
	at org.openqa.selenium.remote.ErrorHandler.createThrowable(ErrorHandler.java:206)
	at org.openqa.selenium.remote.ErrorHandler.throwIfResponseFailed(ErrorHandler.java:158)
	at org.openqa.selenium.remote.RemoteWebDriver.execute(RemoteWebDriver.java:595)
	at org.openqa.selenium.remote.RemoteWebDriver.get(RemoteWebDriver.java:306)
	at org.openqa.selenium.remote.RemoteWebDriver$RemoteNavigation.to(RemoteWebDriver.java:850)
	at com.epam.kzta2014.pages.LoginPage.openPage(LoginPage.java:35)
	at com.epam.kzta2014.steps.Steps.loginGithub(Steps.java:35)
	at com.epam.kzta2014.GitHubAutomationTest.oneCanCreateProject(GitHubAutomationTest.java:27)
Caused by: org.openqa.selenium.TimeoutException: Timed out waiting for page load.
Build info: version: '2.47.1', revision: 'unknown', time: '2015-07-30 11:02:44'
System info: host: 'BSU', ip: '169.254.66.132', os.name: 'Windows 8.1', os.arch: 'amd64', os.version: '6.3', java.version: '1.8.0_45'
Driver info: driver.version: unknown
	at <anonymous class>.Utils.initWebLoadingListener/<(file:///C:/Users/AACE~1/AppData/Local/Temp/anonymous5450703759022643259webdriver-profile/extensions/fxdriver@googlecode.com/components/driver-component.js:8993)
	at <anonymous class>.WebLoadingListener/e(file:///C:/Users/AACE~1/AppData/Local/Temp/anonymous5450703759022643259webdriver-profile/extensions/fxdriver@googlecode.com/components/driver-component.js:5076)
	at <anonymous class>.WebLoadingListener/<(file:///C:/Users/AACE~1/AppData/Local/Temp/anonymous5450703759022643259webdriver-profile/extensions/fxdriver@googlecode.com/components/driver-component.js:5084)
	at <anonymous class>.fxdriver.Timer.prototype.setTimeout/<.notify(file:///C:/Users/AACE~1/AppData/Local/Temp/anonymous5450703759022643259webdriver-profile/extensions/fxdriver@googlecode.com/components/driver-component.js:623)

oneCanLoginGithub(com.epam.kzta2014.GitHubAutomationTest)  Time elapsed: 10.029 sec  <<< FAILURE!
org.openqa.selenium.TimeoutException: Timed out waiting for page load.
Command duration or timeout: 10.02 seconds
Build info: version: '2.47.1', revision: 'unknown', time: '2015-07-30 11:02:44'
System info: host: 'BSU', ip: '169.254.66.132', os.name: 'Windows 8.1', os.arch: 'amd64', os.version: '6.3', java.version: '1.8.0_45'
Driver info: org.openqa.selenium.firefox.FirefoxDriver
Capabilities [{applicationCacheEnabled=true, rotatable=false, handlesAlerts=true, databaseEnabled=true, version=40.0.3, platform=WINDOWS, nativeEvents=false, acceptSslCerts=true, webStorageEnabled=true, locationContextEnabled=true, browserName=firefox, takesScreenshot=true, javascriptEnabled=true, cssSelectorsEnabled=true}]
Session ID: 64cd42df-2d93-4d1f-8cfc-f9d1f7aa7353
	at sun.reflect.NativeConstructorAccessorImpl.newInstance0(Native Method)
	at sun.reflect.NativeConstructorAccessorImpl.newInstance(NativeConstructorAccessorImpl.java:62)
	at sun.reflect.DelegatingConstructorAccessorImpl.newInstance(DelegatingConstructorAccessorImpl.java:45)
	at java.lang.reflect.Constructor.newInstance(Constructor.java:422)
	at org.openqa.selenium.remote.ErrorHandler.createThrowable(ErrorHandler.java:206)
	at org.openqa.selenium.remote.ErrorHandler.throwIfResponseFailed(ErrorHandler.java:158)
	at org.openqa.selenium.remote.RemoteWebDriver.execute(RemoteWebDriver.java:595)
	at org.openqa.selenium.remote.RemoteWebDriver.get(RemoteWebDriver.java:306)
	at org.openqa.selenium.remote.RemoteWebDriver$RemoteNavigation.to(RemoteWebDriver.java:850)
	at com.epam.kzta2014.pages.LoginPage.openPage(LoginPage.java:35)
	at com.epam.kzta2014.steps.Steps.loginGithub(Steps.java:35)
	at com.epam.kzta2014.GitHubAutomationTest.oneCanLoginGithub(GitHubAutomationTest.java:36)
Caused by: org.openqa.selenium.TimeoutException: Timed out waiting for page load.
Build info: version: '2.47.1', revision: 'unknown', time: '2015-07-30 11:02:44'
System info: host: 'BSU', ip: '169.254.66.132', os.name: 'Windows 8.1', os.arch: 'amd64', os.version: '6.3', java.version: '1.8.0_45'
Driver info: driver.version: unknown
	at <anonymous class>.Utils.initWebLoadingListener/<(file:///C:/Users/AACE~1/AppData/Local/Temp/anonymous8704385428906528472webdriver-profile/extensions/fxdriver@googlecode.com/components/driver-component.js:8993)
	at <anonymous class>.WebLoadingListener/e(file:///C:/Users/AACE~1/AppData/Local/Temp/anonymous8704385428906528472webdriver-profile/extensions/fxdriver@googlecode.com/components/driver-component.js:5076)
	at <anonymous class>.WebLoadingListener/<(file:///C:/Users/AACE~1/AppData/Local/Temp/anonymous8704385428906528472webdriver-profile/extensions/fxdriver@googlecode.com/components/driver-component.js:5084)
	at <anonymous class>.fxdriver.Timer.prototype.setTimeout/<.notify(file:///C:/Users/AACE~1/AppData/Local/Temp/anonymous8704385428906528472webdriver-profile/extensions/fxdriver@googlecode.com/components/driver-component.js:623)

