<?xml version="1.0" encoding="UTF-8"?>
<testsuite name="com.epam.kzta2014.GitHubAutomationTest" time="20.148" tests="2" errors="0" skipped="0" failures="2">
  <properties>
[...]
</properties>
  <testcase name="oneCanCreateProject" classname="com.epam.kzta2014.GitHubAutomationTest" time="10.119">
    <failure message="Timed out waiting for page load.&#10;Command duration or timeout: 10.02 seconds&#10;Build info: version: &apos;2.47.1&apos;, revision: &apos;unknown&apos;, time: &apos;2015-07-30 11:02:44&apos;&#10;System info: host: &apos;BSU&apos;, ip: &apos;169.254.66.132&apos;, os.name: &apos;Windows 8.1&apos;, os.arch: &apos;amd64&apos;, os.version: &apos;6.3&apos;, java.version: &apos;1.8.0_45&apos;&#10;Driver info: org.openqa.selenium.firefox.FirefoxDriver&#10;Capabilities [{applicationCacheEnabled=true, rotatable=false, handlesAlerts=true, databaseEnabled=true, version=40.0.3, platform=WINDOWS, nativeEvents=false, acceptSslCerts=true, webStorageEnabled=true, locationContextEnabled=true, browserName=firefox, takesScreenshot=true, javascriptEnabled=true, cssSelectorsEnabled=true}]&#10;Session ID: 83c8211e-6bf5-4e56-a4e6-6f19191ae222" type="org.openqa.selenium.TimeoutException"><![CDATA[org.openqa.selenium.TimeoutException: Timed out waiting for page load.
Command duration or timeout: 10.02 seconds
Build info: version: '2.47.1', revision: 'unknown', time: '2015-07-30 11:02:44'
System info: host: 'BSU', ip: '169.254.66.132', os.name: 'Windows 8.1', os.arch: 'amd64', os.version: '6.3', java.version: '1.8.0_45'
Driver info: org.openqa.selenium.firefox.FirefoxDriver
Capabilities [{applicationCacheEnabled=true, rotatable=false, handlesAlerts=true, databaseEnabled=true, version=40.0.3, platform=WINDOWS, nativeEvents=false, acceptSslCerts=true, webStorageEnabled=true, locationContextEnabled=true, browserName=firefox, takesScreenshot=true, javascriptEnabled=true, cssSelectorsEnabled=true}]
Session ID: 83c8211e-6bf5-4e56-a4e6-6f19191ae222
	at sun.reflect.NativeConstructorAccessorImpl.newInstance0(Native Method)
	at sun.reflect.NativeConstructorAccessorImpl.newInstance(NativeConstructorAccessorImpl.java:62)
	at sun.reflect.DelegatingConstructorAccessorImpl.newInstance(DelegatingConstructorAccessorImpl.java:45)
	at java.lang.reflect.Constructor.newInstance(Constructor.java:422)
	at org.openqa.selenium.remote.ErrorHandler.createThrowable(ErrorHandler.java:206)
	at org.openqa.selenium.remote.ErrorHandler.throwIfResponseFailed(ErrorHandler.java:158)
	at org.openqa.selenium.remote.RemoteWebDriver.execute(RemoteWebDriver.java:595)
	at org.openqa.selenium.remote.RemoteWebDriver.get(RemoteWebDriver.java:306)
	at org.openqa.selenium.remote.RemoteWebDriver$RemoteNavigation.to(RemoteWebDriver.java:850)
	at com.epam.kzta2014.pages.LoginPage.openPage(LoginPage.java:35)
	at com.epam.kzta2014.steps.Steps.loginGithub(Steps.java:35)
	at com.epam.kzta2014.GitHubAutomationTest.oneCanCreateProject(GitHubAutomationTest.java:27)
Caused by: org.openqa.selenium.TimeoutException: Timed out waiting for page load.
Build info: version: '2.47.1', revision: 'unknown', time: '2015-07-30 11:02:44'
System info: host: 'BSU', ip: '169.254.66.132', os.name: 'Windows 8.1', os.arch: 'amd64', os.version: '6.3', java.version: '1.8.0_45'
Driver info: driver.version: unknown
	at <anonymous class>.Utils.initWebLoadingListener/<(file:///C:/Users/AACE~1/AppData/Local/Temp/anonymous5450703759022643259webdriver-profile/extensions/fxdriver@googlecode.com/components/driver-component.js:8993)
	at <anonymous class>.WebLoadingListener/e(file:///C:/Users/AACE~1/AppData/Local/Temp/anonymous5450703759022643259webdriver-profile/extensions/fxdriver@googlecode.com/components/driver-component.js:5076)
	at <anonymous class>.WebLoadingListener/<(file:///C:/Users/AACE~1/AppData/Local/Temp/anonymous5450703759022643259webdriver-profile/extensions/fxdriver@googlecode.com/components/driver-component.js:5084)
	at <anonymous class>.fxdriver.Timer.prototype.setTimeout/<.notify(file:///C:/Users/AACE~1/AppData/Local/Temp/anonymous5450703759022643259webdriver-profile/extensions/fxdriver@googlecode.com/components/driver-component.js:623)
]]></failure>
    <system-out><![CDATA[Configuring TestNG with: TestNG652Configurator
]]></system-out>
    <system-err><![CDATA[log4j:WARN No appenders could be found for logger (org.apache.http.client.protocol.RequestAddCookies).
log4j:WARN Please initialize the log4j system properly.
log4j:WARN See http://logging.apache.org/log4j/1.2/faq.html#noconfig for more info.
]]></system-err>
  </testcase>
  <testcase name="oneCanLoginGithub" classname="com.epam.kzta2014.GitHubAutomationTest" time="10.029">
    <failure message="Timed out waiting for page load.&#10;Command duration or timeout: 10.02 seconds&#10;Build info: version: &apos;2.47.1&apos;, revision: &apos;unknown&apos;, time: &apos;2015-07-30 11:02:44&apos;&#10;System info: host: &apos;BSU&apos;, ip: &apos;169.254.66.132&apos;, os.name: &apos;Windows 8.1&apos;, os.arch: &apos;amd64&apos;, os.version: &apos;6.3&apos;, java.version: &apos;1.8.0_45&apos;&#10;Driver info: org.openqa.selenium.firefox.FirefoxDriver&#10;Capabilities [{applicationCacheEnabled=true, rotatable=false, handlesAlerts=true, databaseEnabled=true, version=40.0.3, platform=WINDOWS, nativeEvents=false, acceptSslCerts=true, webStorageEnabled=true, locationContextEnabled=true, browserName=firefox, takesScreenshot=true, javascriptEnabled=true, cssSelectorsEnabled=true}]&#10;Session ID: 64cd42df-2d93-4d1f-8cfc-f9d1f7aa7353" type="org.openqa.selenium.TimeoutException"><![CDATA[org.openqa.selenium.TimeoutException: Timed out waiting for page load.
Command duration or timeout: 10.02 seconds
Build info: version: '2.47.1', revision: 'unknown', time: '2015-07-30 11:02:44'
System info: host: 'BSU', ip: '169.254.66.132', os.name: 'Windows 8.1', os.arch: 'amd64', os.version: '6.3', java.version: '1.8.0_45'
Driver info: org.openqa.selenium.firefox.FirefoxDriver
Capabilities [{applicationCacheEnabled=true, rotatable=false, handlesAlerts=true, databaseEnabled=true, version=40.0.3, platform=WINDOWS, nativeEvents=false, acceptSslCerts=true, webStorageEnabled=true, locationContextEnabled=true, browserName=firefox, takesScreenshot=true, javascriptEnabled=true, cssSelectorsEnabled=true}]
Session ID: 64cd42df-2d93-4d1f-8cfc-f9d1f7aa7353
	at sun.reflect.NativeConstructorAccessorImpl.newInstance0(Native Method)
	at sun.reflect.NativeConstructorAccessorImpl.newInstance(NativeConstructorAccessorImpl.java:62)
	at sun.reflect.DelegatingConstructorAccessorImpl.newInstance(DelegatingConstructorAccessorImpl.java:45)
	at java.lang.reflect.Constructor.newInstance(Constructor.java:422)
	at org.openqa.selenium.remote.ErrorHandler.createThrowable(ErrorHandler.java:206)
	at org.openqa.selenium.remote.ErrorHandler.throwIfResponseFailed(ErrorHandler.java:158)
	at org.openqa.selenium.remote.RemoteWebDriver.execute(RemoteWebDriver.java:595)
	at org.openqa.selenium.remote.RemoteWebDriver.get(RemoteWebDriver.java:306)
	at org.openqa.selenium.remote.RemoteWebDriver$RemoteNavigation.to(RemoteWebDriver.java:850)
	at com.epam.kzta2014.pages.LoginPage.openPage(LoginPage.java:35)
	at com.epam.kzta2014.steps.Steps.loginGithub(Steps.java:35)
	at com.epam.kzta2014.GitHubAutomationTest.oneCanLoginGithub(GitHubAutomationTest.java:36)
Caused by: org.openqa.selenium.TimeoutException: Timed out waiting for page load.
Build info: version: '2.47.1', revision: 'unknown', time: '2015-07-30 11:02:44'
System info: host: 'BSU', ip: '169.254.66.132', os.name: 'Windows 8.1', os.arch: 'amd64', os.version: '6.3', java.version: '1.8.0_45'
Driver info: driver.version: unknown
	at <anonymous class>.Utils.initWebLoadingListener/<(file:///C:/Users/AACE~1/AppData/Local/Temp/anonymous8704385428906528472webdriver-profile/extensions/fxdriver@googlecode.com/components/driver-component.js:8993)
	at <anonymous class>.WebLoadingListener/e(file:///C:/Users/AACE~1/AppData/Local/Temp/anonymous8704385428906528472webdriver-profile/extensions/fxdriver@googlecode.com/components/driver-component.js:5076)
	at <anonymous class>.WebLoadingListener/<(file:///C:/Users/AACE~1/AppData/Local/Temp/anonymous8704385428906528472webdriver-profile/extensions/fxdriver@googlecode.com/components/driver-component.js:5084)
	at <anonymous class>.fxdriver.Timer.prototype.setTimeout/<.notify(file:///C:/Users/AACE~1/AppData/Local/Temp/anonymous8704385428906528472webdriver-profile/extensions/fxdriver@googlecode.com/components/driver-component.js:623)
]]></failure>
  </testcase>
</testsuite>