<?xml version="1.0" encoding="UTF-8"?>
<testng-results skipped="0" failed="0" total="1" passed="1">
  <reporter-output>
  </reporter-output>
  <suite name="Surefire suite" duration-ms="24125" started-at="2015-12-20T20:10:44Z" finished-at="2015-12-20T20:11:08Z">
    <groups>
    </groups>
    <test name="Surefire test" duration-ms="24125" started-at="2015-12-20T20:10:44Z" finished-at="2015-12-20T20:11:08Z">
      <class name="by.bsu.mmf.web.losdy.FourPdaAutomationTest">
        <test-method status="PASS" signature="setUp()[pri:0, instance:by.bsu.mmf.web.losdy.FourPdaAutomationTest@129a8472]" name="setUp" is-config="true" duration-ms="6928" started-at="2015-12-20T23:10:44Z" description="Init browser" finished-at="2015-12-20T23:10:51Z">
          <reporter-output>
          </reporter-output>
        </test-method> <!-- setUp -->
        <test-method status="PASS" signature="oneCanFindInDevdb()[pri:0, instance:by.bsu.mmf.web.losdy.FourPdaAutomationTest@129a8472]" name="oneCanFindInDevdb" duration-ms="16671" started-at="2015-12-20T23:10:51Z" finished-at="2015-12-20T23:11:08Z">
          <reporter-output>
          </reporter-output>
        </test-method> <!-- oneCanFindInDevdb -->
        <test-method status="PASS" signature="stopBrowser()[pri:0, instance:by.bsu.mmf.web.losdy.FourPdaAutomationTest@129a8472]" name="stopBrowser" is-config="true" duration-ms="514" started-at="2015-12-20T23:11:08Z" description="Stop Browser" finished-at="2015-12-20T23:11:08Z">
          <reporter-output>
          </reporter-output>
        </test-method> <!-- stopBrowser -->
      </class> <!-- by.bsu.mmf.web.losdy.FourPdaAutomationTest -->
    </test> <!-- Surefire test -->
  </suite> <!-- Surefire suite -->
</testng-results>
